# JRE version: OpenJDK Runtime Environment (8.0_152-b01) (build 1.8.0_152-release-915-b01)
# Java VM: OpenJDK 64-Bit Server VM (25.152-b01 mixed mode windows-amd64 compressed oops)
Heap:
 PSYoungGen      total 171520K, used 142863K [0x00000000e0000000, 0x00000000ecd80000, 0x0000000100000000)
  eden space 139776K, 86% used [0x00000000e0000000,0x00000000e75addf0,0x00000000e8880000)
  from space 31744K, 70% used [0x00000000eae80000,0x00000000ec4561d8,0x00000000ecd80000)
  to   space 35328K, 0% used [0x00000000e8880000,0x00000000e8880000,0x00000000eab00000)
 ParOldGen       total 173568K, used 57054K [0x00000000a0000000, 0x00000000aa980000, 0x00000000e0000000)
  object space 173568K, 32% used [0x00000000a0000000,0x00000000a37b7958,0x00000000aa980000)
 Metaspace       used 80073K, capacity 84510K, committed 84756K, reserved 1122304K
  class space    used 10243K, capacity 11303K, committed 11324K, reserved 1048576K
GC Heap History (10 events):
Event: 4637.767 GC heap before
{Heap before GC invocations=19 (full 3):
 PSYoungGen      total 178176K, used 177193K [0x00000000e0000000, 0x00000000edf00000, 0x0000000100000000)
  eden space 160256K, 99% used [0x00000000e0000000,0x00000000e9bf6db8,0x00000000e9c80000)
  from space 17920K, 97% used [0x00000000eb500000,0x00000000ec6138f0,0x00000000ec680000)
  to   space 25088K, 0% used [0x00000000ec680000,0x00000000ec680000,0x00000000edf00000)
 ParOldGen       total 173568K, used 48681K [0x00000000a0000000, 0x00000000aa980000, 0x00000000e0000000)
  object space 173568K, 28% used [0x00000000a0000000,0x00000000a2f8a760,0x00000000aa980000)
 Metaspace       used 72859K, capacity 76580K, committed 76692K, reserved 1116160K
  class space    used 9473K, capacity 10400K, committed 10428K, reserved 1048576K
Event: 4637.789 GC heap after
Heap after GC invocations=19 (full 3):
 PSYoungGen      total 178176K, used 22478K [0x00000000e0000000, 0x00000000edc80000, 0x0000000100000000)
  eden space 155648K, 0% used [0x00000000e0000000,0x00000000e0000000,0x00000000e9800000)
  from space 22528K, 99% used [0x00000000ec680000,0x00000000edc73900,0x00000000edc80000)
  to   space 28672K, 0% used [0x00000000ea480000,0x00000000ea480000,0x00000000ec080000)
 ParOldGen       total 173568K, used 48689K [0x00000000a0000000, 0x00000000aa980000, 0x00000000e0000000)
  object space 173568K, 28% used [0x00000000a0000000,0x00000000a2f8c760,0x00000000aa980000)
 Metaspace       used 72859K, capacity 76580K, committed 76692K, reserved 1116160K
  class space    used 9473K, capacity 10400K, committed 10428K, reserved 1048576K
}
Event: 4653.131 GC heap before
{Heap before GC invocations=20 (full 3):
 PSYoungGen      total 178176K, used 178126K [0x00000000e0000000, 0x00000000edc80000, 0x0000000100000000)
  eden space 155648K, 100% used [0x00000000e0000000,0x00000000e9800000,0x00000000e9800000)
  from space 22528K, 99% used [0x00000000ec680000,0x00000000edc73900,0x00000000edc80000)
  to   space 28672K, 0% used [0x00000000ea480000,0x00000000ea480000,0x00000000ec080000)
 ParOldGen       total 173568K, used 48689K [0x00000000a0000000, 0x00000000aa980000, 0x00000000e0000000)
  object space 173568K, 28% used [0x00000000a0000000,0x00000000a2f8c760,0x00000000aa980000)
 Metaspace       used 74746K, capacity 78742K, committed 78996K, reserved 1118208K
  class space    used 9707K, capacity 10649K, committed 10684K, reserved 1048576K
Event: 4653.158 GC heap after
Heap after GC invocations=20 (full 3):
 PSYoungGen      total 178688K, used 26801K [0x00000000e0000000, 0x00000000ed300000, 0x0000000100000000)
  eden space 151552K, 0% used [0x00000000e0000000,0x00000000e0000000,0x00000000e9400000)
  from space 27136K, 98% used [0x00000000ea480000,0x00000000ebeac708,0x00000000ebf00000)
  to   space 20480K, 0% used [0x00000000ebf00000,0x00000000ebf00000,0x00000000ed300000)
 ParOldGen       total 173568K, used 48697K [0x00000000a0000000, 0x00000000aa980000, 0x00000000e0000000)
  object space 173568K, 28% used [0x00000000a0000000,0x00000000a2f8e760,0x00000000aa980000)
 Metaspace       used 74746K, capacity 78742K, committed 78996K, reserved 1118208K
  class space    used 9707K, capacity 10649K, committed 10684K, reserved 1048576K
}
Event: 4654.832 GC heap before
{Heap before GC invocations=21 (full 3):
 PSYoungGen      total 178688K, used 178353K [0x00000000e0000000, 0x00000000ed300000, 0x0000000100000000)
  eden space 151552K, 100% used [0x00000000e0000000,0x00000000e9400000,0x00000000e9400000)
  from space 27136K, 98% used [0x00000000ea480000,0x00000000ebeac708,0x00000000ebf00000)
  to   space 20480K, 0% used [0x00000000ebf00000,0x00000000ebf00000,0x00000000ed300000)
 ParOldGen       total 173568K, used 48697K [0x00000000a0000000, 0x00000000aa980000, 0x00000000e0000000)
  object space 173568K, 28% used [0x00000000a0000000,0x00000000a2f8e760,0x00000000aa980000)
 Metaspace       used 77183K, capacity 81242K, committed 81556K, reserved 1120256K
  class space    used 9878K, capacity 10841K, committed 10940K, reserved 1048576K
Event: 4654.873 GC heap after
Heap after GC invocations=21 (full 3):
 PSYoungGen      total 167936K, used 20457K [0x00000000e0000000, 0x00000000ed500000, 0x0000000100000000)
  eden space 147456K, 0% used [0x00000000e0000000,0x00000000e0000000,0x00000000e9000000)
  from space 20480K, 99% used [0x00000000ebf00000,0x00000000ed2fa4a0,0x00000000ed300000)
  to   space 35328K, 0% used [0x00000000e9000000,0x00000000e9000000,0x00000000eb280000)
 ParOldGen       total 173568K, used 56782K [0x00000000a0000000, 0x00000000aa980000, 0x00000000e0000000)
  object space 173568K, 32% used [0x00000000a0000000,0x00000000a3773940,0x00000000aa980000)
 Metaspace       used 77183K, capacity 81242K, committed 81556K, reserved 1120256K
  class space    used 9878K, capacity 10841K, committed 10940K, reserved 1048576K
}
Event: 4660.177 GC heap before
{Heap before GC invocations=22 (full 3):
 PSYoungGen      total 167936K, used 167913K [0x00000000e0000000, 0x00000000ed500000, 0x0000000100000000)
  eden space 147456K, 100% used [0x00000000e0000000,0x00000000e9000000,0x00000000e9000000)
  from space 20480K, 99% used [0x00000000ebf00000,0x00000000ed2fa4a0,0x00000000ed300000)
  to   space 35328K, 0% used [0x00000000e9000000,0x00000000e9000000,0x00000000eb280000)
 ParOldGen       total 173568K, used 56782K [0x00000000a0000000, 0x00000000aa980000, 0x00000000e0000000)
  object space 173568K, 32% used [0x00000000a0000000,0x00000000a3773940,0x00000000aa980000)
 Metaspace       used 78925K, capacity 83018K, committed 83220K, reserved 1122304K
  class space    used 10086K, capacity 11063K, committed 11068K, reserved 1048576K
Event: 4660.203 GC heap after
Heap after GC invocations=22 (full 3):
 PSYoungGen      total 165376K, used 21767K [0x00000000e0000000, 0x00000000ed100000, 0x0000000100000000)
  eden space 143360K, 0% used [0x00000000e0000000,0x00000000e0000000,0x00000000e8c00000)
  from space 22016K, 98% used [0x00000000e9000000,0x00000000ea541c48,0x00000000ea580000)
  to   space 35328K, 0% used [0x00000000eae80000,0x00000000eae80000,0x00000000ed100000)
 ParOldGen       total 173568K, used 57046K [0x00000000a0000000, 0x00000000aa980000, 0x00000000e0000000)
  object space 173568K, 32% used [0x00000000a0000000,0x00000000a37b5958,0x00000000aa980000)
 Metaspace       used 78925K, capacity 83018K, committed 83220K, reserved 1122304K
  class space    used 10086K, capacity 11063K, committed 11068K, reserved 1048576K
}
Event: 4662.431 GC heap before
{Heap before GC invocations=23 (full 3):
 PSYoungGen      total 165376K, used 164734K [0x00000000e0000000, 0x00000000ed100000, 0x0000000100000000)
  eden space 143360K, 99% used [0x00000000e0000000,0x00000000e8b9df00,0x00000000e8c00000)
  from space 22016K, 98% used [0x00000000e9000000,0x00000000ea541c48,0x00000000ea580000)
  to   space 35328K, 0% used [0x00000000eae80000,0x00000000eae80000,0x00000000ed100000)
 ParOldGen       total 173568K, used 57046K [0x00000000a0000000, 0x00000000aa980000, 0x00000000e0000000)
  object space 173568K, 32% used [0x00000000a0000000,0x00000000a37b5958,0x00000000aa980000)
 Metaspace       used 79035K, capacity 83110K, committed 83220K, reserved 1122304K
  class space    used 10090K, capacity 11067K, committed 11068K, reserved 1048576K
Event: 4662.454 GC heap after
Heap after GC invocations=23 (full 3):
 PSYoungGen      total 171520K, used 22360K [0x00000000e0000000, 0x00000000ecd80000, 0x0000000100000000)
  eden space 139776K, 0% used [0x00000000e0000000,0x00000000e0000000,0x00000000e8880000)
  from space 31744K, 70% used [0x00000000eae80000,0x00000000ec4561d8,0x00000000ecd80000)
  to   space 35328K, 0% used [0x00000000e8880000,0x00000000e8880000,0x00000000eab00000)
 ParOldGen       total 173568K, used 57054K [0x00000000a0000000, 0x00000000aa980000, 0x00000000e0000000)
  object space 173568K, 32% used [0x00000000a0000000,0x00000000a37b7958,0x00000000aa980000)
 Metaspace       used 79035K, capacity 83110K, committed 83220K, reserved 1122304K
  class space    used 10090K, capacity 11067K, committed 11068K, reserved 1048576K
}

